<?xml version="1.0" encoding="UTF-8"?>
<!-- Generated by org.testng.reporters.JUnitReportReporter -->
<testsuite hostname="DESKTOP-H3RN2SF" failures="0" tests="1" name="pages.FirstPgm" time="0.019" errors="0" timestamp="2024-04-10T15:21:22 IST" skipped="0">
  <testcase classname="pages.FirstPgm" name="display" time="0.019"/>
  <system-out/>
</testsuite> <!-- pages.FirstPgm -->
