<?xml version="1.0" encoding="UTF-8"?>
<!-- Generated by org.testng.reporters.JUnitReportReporter -->
<testsuite hostname="DESKTOP-H3RN2SF" failures="0" tests="5" name="com.github.test.SwagLabsTest" time="4.171" errors="0" timestamp="2024-04-15T00:09:33 IST" skipped="0">
  <testcase classname="com.github.test.SwagLabsTest" name="login" time="1.042"/>
  <system-out/>
  <testcase classname="com.github.test.SwagLabsTest" name="productsList" time="0.327"/>
  <system-out/>
  <testcase classname="com.github.test.SwagLabsTest" name="productsSorting" time="0.873"/>
  <system-out/>
  <testcase classname="com.github.test.SwagLabsTest" name="addingToCart" time="0.507"/>
  <system-out/>
  <testcase classname="com.github.test.SwagLabsTest" name="checkout" time="1.422"/>
  <system-out/>
</testsuite> <!-- com.github.test.SwagLabsTest -->
