<?xml version="1.0" encoding="UTF-8"?>
<!-- Generated by org.testng.reporters.JUnitReportReporter -->
<testsuite hostname="DESKTOP-H3RN2SF" failures="0" tests="5" name="com.github.test.SwagLabsTest" time="4.278" errors="0" timestamp="2024-04-14T16:44:51 IST" skipped="0">
  <testcase classname="com.github.test.SwagLabsTest" name="login" time="1.332"/>
  <system-out/>
  <testcase classname="com.github.test.SwagLabsTest" name="productsList" time="0.234"/>
  <system-out/>
  <testcase classname="com.github.test.SwagLabsTest" name="productsSorting" time="0.817"/>
  <system-out/>
  <testcase classname="com.github.test.SwagLabsTest" name="addingToCart" time="0.520"/>
  <system-out/>
  <testcase classname="com.github.test.SwagLabsTest" name="checkout" time="1.375"/>
  <system-out/>
</testsuite> <!-- com.github.test.SwagLabsTest -->
